<?xml version="1.0" encoding="UTF-8"?>
<!-- Generated by org.testng.reporters.JUnitXMLReporter -->
<testsuite ignored="3" hostname="DESKTOP-PQ6S60Q" failures="0" tests="3" name="Test" time="0.082" errors="0" timestamp="2022-06-24T16:22:16 IST">
  <testcase classname="testNgKeywords.IncludeandExcludeUse" name="a" time="0.01"/>
  <testcase classname="testNgKeywords.IncludeAndexcludeUse2" name="Q" time="0.001"/>
  <testcase classname="testNgKeywords.IncludeAndexcludeUse2" name="R" time="0.001"/>
  <testcase classname="testNgKeywords.IncludeandExcludeUse" name="c" time="0.0">
    <ignored/>
  </testcase> <!-- c -->
  <testcase classname="testNgKeywords.IncludeandExcludeUse" name="b" time="0.0">
    <ignored/>
  </testcase> <!-- b -->
  <testcase classname="testNgKeywords.IncludeAndexcludeUse2" name="P" time="0.0">
    <ignored/>
  </testcase> <!-- P -->
</testsuite> <!-- Test -->
