<?xml version="1.0" encoding="UTF-8"?>
<testng-results ignored="0" total="1" passed="1" failed="0" skipped="0">
  <reporter-output>
    <line>
      <![CDATA[Launching Browser]]>
    </line>
    <line>
      <![CDATA[Sending Username]]>
    </line>
    <line>
      <![CDATA[Sending Password]]>
    </line>
    <line>
      <![CDATA[Clicking on login Button]]>
    </line>
    <line>
      <![CDATA[Clicking on Continue button]]>
    </line>
    <line>
      <![CDATA[Validating UserName]]>
    </line>
    <line>
      <![CDATA[Actual and Expected UN are matching TC passed]]>
    </line>
    <line>
      <![CDATA[logging out.....]]>
    </line>
    <line>
      <![CDATA[Close Browser]]>
    </line>
  </reporter-output>
  <suite started-at="2022-07-01T15:01:02 IST" name="Default suite" finished-at="2022-07-01T15:01:18 IST" duration-ms="15822">
    <groups>
    </groups>
    <test started-at="2022-07-01T15:01:02 IST" name="Default test" finished-at="2022-07-01T15:01:18 IST" duration-ms="15822">
      <class name="kitePOMUsingTestNG.ValidateKiteAppUserName">
        <test-method is-config="true" signature="launchBrowser()[pri:0, instance:kitePOMUsingTestNG.ValidateKiteAppUserName@52719fb6]" started-at="2022-07-01T15:01:02 IST" name="launchBrowser" finished-at="2022-07-01T15:01:11 IST" duration-ms="9039" status="PASS">
          <reporter-output>
            <line>
              <![CDATA[Launching Browser]]>
            </line>
          </reporter-output>
        </test-method> <!-- launchBrowser -->
        <test-method is-config="true" signature="loginToKiteApp()[pri:0, instance:kitePOMUsingTestNG.ValidateKiteAppUserName@52719fb6]" started-at="2022-07-01T15:01:11 IST" name="loginToKiteApp" finished-at="2022-07-01T15:01:12 IST" duration-ms="688" status="PASS">
          <reporter-output>
            <line>
              <![CDATA[Sending Username]]>
            </line>
            <line>
              <![CDATA[Sending Password]]>
            </line>
            <line>
              <![CDATA[Clicking on login Button]]>
            </line>
            <line>
              <![CDATA[Clicking on Continue button]]>
            </line>
          </reporter-output>
        </test-method> <!-- loginToKiteApp -->
        <test-method signature="ValidateUserName()[pri:0, instance:kitePOMUsingTestNG.ValidateKiteAppUserName@52719fb6]" started-at="2022-07-01T15:01:12 IST" name="ValidateUserName" finished-at="2022-07-01T15:01:13 IST" duration-ms="1219" status="PASS">
          <reporter-output>
            <line>
              <![CDATA[Validating UserName]]>
            </line>
            <line>
              <![CDATA[Actual and Expected UN are matching TC passed]]>
            </line>
          </reporter-output>
        </test-method> <!-- ValidateUserName -->
        <test-method is-config="true" signature="logoutFromKiteApp()[pri:0, instance:kitePOMUsingTestNG.ValidateKiteAppUserName@52719fb6]" started-at="2022-07-01T15:01:13 IST" name="logoutFromKiteApp" finished-at="2022-07-01T15:01:15 IST" duration-ms="2271" status="PASS">
          <reporter-output>
            <line>
              <![CDATA[logging out.....]]>
            </line>
          </reporter-output>
        </test-method> <!-- logoutFromKiteApp -->
        <test-method is-config="true" signature="closebrowser()[pri:0, instance:kitePOMUsingTestNG.ValidateKiteAppUserName@52719fb6]" started-at="2022-07-01T15:01:15 IST" name="closebrowser" finished-at="2022-07-01T15:01:18 IST" duration-ms="2524" status="PASS">
          <reporter-output>
            <line>
              <![CDATA[Close Browser]]>
            </line>
          </reporter-output>
        </test-method> <!-- closebrowser -->
      </class> <!-- kitePOMUsingTestNG.ValidateKiteAppUserName -->
    </test> <!-- Default test -->
  </suite> <!-- Default suite -->
</testng-results>
